Loading required package: ENMTools
Loading required package: dismo
Loading required package: raster
Loading required package: sp
Loading required package: sf
Linking to GEOS 3.12.1, GDAL 3.8.4, PROJ 9.3.1; sf_use_s2() is TRUE
Loading required package: terra
terra 1.7.71
Loading required package: here
here() starts at Z:/Isla_MSc_Ch1/GitHub_Repositories/Turcke_MSc_Ch1
Loading required package: tidyverse
── Attaching core tidyverse packages ──────────────────────── tidyverse 2.0.0 ──
✔ dplyr     1.1.4     ✔ readr     2.1.5
✔ forcats   1.0.0     ✔ stringr   1.5.1
✔ ggplot2   3.5.1     ✔ tibble    3.2.1
✔ lubridate 1.9.3     ✔ tidyr     1.3.1
✔ purrr     1.0.2     
── Conflicts ────────────────────────────────────────── tidyverse_conflicts() ──
✖ tidyr::extract() masks terra::extract(), raster::extract()
✖ dplyr::filter()  masks stats::filter()
✖ dplyr::lag()     masks stats::lag()
✖ dplyr::select()  masks raster::select()
ℹ Use the conflicted package (<http://conflicted.r-lib.org/>) to force all conflicts to become errors
Loading required package: rJava
All packages loaded successfully
here() starts at Z:/Isla_MSc_Ch1
[1] "Calculating D at:  2024-09-23 13:38:17.88114"
[1] "Calculating I at:  2024-09-23 13:39:38.759393"
[1] "Calculating rho at:  2024-09-23 13:42:46.915629"
